<?xml version="1.0" encoding="UTF-8"?>
<!-- Generated by org.testng.reporters.JUnitReportReporter -->
<testsuite hostname="DESKTOP-KMFIGF3" failures="0" tests="4" name="com.starzero.testCases.TC_002_Login" time="22.716" errors="0" timestamp="2023-10-02T21:45:41 IST" skipped="0">
  <testcase classname="com.starzero.testCases.TC_002_Login" name="LoginTDD" time="6.782"/>
  <system-out/>
  <testcase classname="com.starzero.testCases.TC_002_Login" name="LoginTDD" time="6.988"/>
  <system-out/>
  <testcase classname="com.starzero.testCases.TC_002_Login" name="LoginTDD" time="3.727"/>
  <system-out/>
  <testcase classname="com.starzero.testCases.TC_002_Login" name="LoginTDD" time="5.219"/>
  <system-out/>
</testsuite> <!-- com.starzero.testCases.TC_002_Login -->
