<?xml version="1.0" encoding="UTF-8"?>
<!-- Generated by org.testng.reporters.JUnitReportReporter -->
<testsuite hostname="DESKTOP-KMFIGF3" failures="0" tests="1" name="com.starzero.testCases.TC_005_LoginAndSubscribe" time="42.937" errors="0" timestamp="2023-10-29T16:48:30 IST" skipped="0">
  <testcase classname="com.starzero.testCases.TC_005_LoginAndSubscribe" name="loginAndSubscribe" time="42.937"/>
  <system-out/>
</testsuite> <!-- com.starzero.testCases.TC_005_LoginAndSubscribe -->
