<?xml version="1.0" encoding="UTF-8"?>
<!-- Generated by org.testng.reporters.JUnitReportReporter -->
<testsuite hostname="DESKTOP-KMFIGF3" failures="0" tests="1" name="com.starzero.testCases.TC_001_LaunchURL" time="9.424" errors="0" timestamp="2023-09-30T15:25:45 IST" skipped="0">
  <testcase classname="com.starzero.testCases.TC_001_LaunchURL" name="validateLandingPage" time="9.424"/>
  <system-out/>
</testsuite> <!-- com.starzero.testCases.TC_001_LaunchURL -->
