<?xml version="1.0" encoding="UTF-8"?>
<!-- Generated by org.testng.reporters.JUnitReportReporter -->
<testsuite hostname="DESKTOP-KMFIGF3" failures="0" tests="5" name="com.starzero.testCases.TC_002_Login" time="32.414" errors="0" timestamp="2023-10-14T22:11:03 IST" skipped="0">
  <testcase classname="com.starzero.testCases.TC_002_Login" name="successLogin" time="10.469"/>
  <system-out/>
  <testcase classname="com.starzero.testCases.TC_002_Login" name="LoginTDD" time="4.627"/>
  <system-out/>
  <testcase classname="com.starzero.testCases.TC_002_Login" name="LoginTDD" time="5.354"/>
  <system-out/>
  <testcase classname="com.starzero.testCases.TC_002_Login" name="LoginTDD" time="6.778"/>
  <system-out/>
  <testcase classname="com.starzero.testCases.TC_002_Login" name="LoginTDD" time="5.186"/>
  <system-out/>
</testsuite> <!-- com.starzero.testCases.TC_002_Login -->
