<?xml version="1.0" encoding="UTF-8"?>
<!-- Generated by org.testng.reporters.JUnitReportReporter -->
<testsuite hostname="DESKTOP-KMFIGF3" failures="0" tests="1" name="com.starzero.testCases.TC_001_LaunchURL" time="7.935" errors="0" timestamp="2023-09-24T12:23:51 IST" skipped="0">
  <testcase classname="com.starzero.testCases.TC_001_LaunchURL" name="validateLandingPage" time="7.935"/>
  <system-out/>
</testsuite> <!-- com.starzero.testCases.TC_001_LaunchURL -->
