<?xml version="1.0" encoding="UTF-8"?>
<!-- Generated by org.testng.reporters.JUnitReportReporter -->
<testsuite hostname="DESKTOP-KMFIGF3" failures="0" tests="1" name="com.starzero.testCases.TC_002_Login" time="6.478" errors="0" timestamp="2023-09-30T22:50:06 IST" skipped="0">
  <testcase classname="com.starzero.testCases.TC_002_Login" name="successLogin" time="6.478"/>
  <system-out/>
</testsuite> <!-- com.starzero.testCases.TC_002_Login -->
