<?xml version="1.0" encoding="UTF-8"?>
<!-- Generated by org.testng.reporters.JUnitReportReporter -->
<testsuite hostname="DESKTOP-KMFIGF3" failures="0" tests="1" name="com.starzero.testCases.TC_003_Register" time="12.223" errors="0" timestamp="2023-10-28T15:47:21 IST" skipped="0">
  <testcase classname="com.starzero.testCases.TC_003_Register" name="UK_Registration" time="12.223"/>
  <system-out/>
</testsuite> <!-- com.starzero.testCases.TC_003_Register -->
