<?xml version="1.0" encoding="UTF-8"?>
<!-- Generated by org.testng.reporters.JUnitReportReporter -->
<testsuite hostname="DESKTOP-KMFIGF3" failures="0" tests="1" name="com.starzero.testCases.TC_003_Register" time="13.767" errors="0" timestamp="2023-10-08T19:20:52 IST" skipped="0">
  <testcase classname="com.starzero.testCases.TC_003_Register" name="India_Registration" time="13.767"/>
  <system-out/>
</testsuite> <!-- com.starzero.testCases.TC_003_Register -->
