<?xml version="1.0" encoding="UTF-8"?>
<!-- Generated by org.testng.reporters.JUnitReportReporter -->
<testsuite hostname="DESKTOP-KMFIGF3" failures="0" tests="1" name="com.starzero.testCases.TC_004_AddTrip" time="13.382" errors="0" timestamp="2023-10-23T20:01:01 IST" skipped="0">
  <testcase classname="com.starzero.testCases.TC_004_AddTrip" name="addTrip_UK" time="13.382"/>
  <system-out/>
</testsuite> <!-- com.starzero.testCases.TC_004_AddTrip -->
